<?xml version="1.0" encoding="UTF-8"?>
<testng-results ignored="0" total="1" passed="1" failed="0" skipped="0">
  <reporter-output>
    <line>
      <![CDATA[=============Browser Session Started========]]>
    </line>
    <line>
      <![CDATA[=============Browser Session Ended========]]>
    </line>
  </reporter-output>
  <suite started-at="2021-03-29T05:58:44Z" name="testcase.Test_URLS" finished-at="2021-03-29T06:00:55Z" duration-ms="131405">
    <groups>
    </groups>
    <test started-at="2021-03-29T05:58:44Z" name="Command line test" finished-at="2021-03-29T06:00:55Z" duration-ms="131405">
      <class name="testcase.Test_URLS">
        <test-method is-config="true" signature="setExtent()[pri:0, instance:testcase.Test_URLS@5a63f509]" started-at="2021-03-29T05:58:44Z" name="setExtent" finished-at="2021-03-29T05:58:44Z" duration-ms="230" status="PASS">
          <reporter-output>
          </reporter-output>
        </test-method> <!-- setExtent -->
        <test-method signature="TestURLs(java.lang.String, java.lang.String, java.lang.String, java.lang.String, java.lang.String)[pri:0, instance:testcase.Test_URLS@5a63f509]" started-at="2021-03-29T05:58:44Z" name="TestURLs" data-provider="Data1" finished-at="2021-03-29T06:00:55Z" duration-ms="130802" status="PASS">
          <params>
            <param index="0">
              <value>
                <![CDATA[https://www.amazon.in/]]>
              </value>
            </param>
            <param index="1">
              <value>
                <![CDATA[seleniumautomation1399@gmail.com]]>
              </value>
            </param>
            <param index="2">
              <value>
                <![CDATA[Amazon_123]]>
              </value>
            </param>
            <param index="3">
              <value>
                <![CDATA[Online Shopping site in India: Shop Online for Mobiles, Books, Watches, Shoes and More - Amazon.in]]>
              </value>
            </param>
            <param index="4">
              <value>
                <![CDATA[Amazon]]>
              </value>
            </param>
          </params>
          <reporter-output>
          </reporter-output>
        </test-method> <!-- TestURLs -->
        <test-method is-config="true" signature="setup()[pri:0, instance:testcase.Test_URLS@5a63f509]" started-at="2021-03-29T05:58:44Z" name="setup" finished-at="2021-03-29T05:58:44Z" duration-ms="0" status="PASS">
          <reporter-output>
            <line>
              <![CDATA[=============Browser Session Started========]]>
            </line>
          </reporter-output>
        </test-method> <!-- setup -->
        <test-method is-config="true" signature="closeApplication(org.testng.ITestResult)[pri:0, instance:testcase.Test_URLS@5a63f509]" started-at="2021-03-29T06:00:55Z" name="closeApplication" finished-at="2021-03-29T06:00:55Z" duration-ms="23" status="PASS">
          <params>
            <param index="0">
              <value>
                <![CDATA[[TestResult name=TestURLs status=SUCCESS method=Test_URLS.TestURLs(java.lang.String, java.lang.String, java.lang.String, java.lang.String, java.lang.String)[pri:0, instance:testcase.Test_URLS@5a63f509] output={null}]]]>
              </value>
            </param>
          </params>
          <reporter-output>
            <line>
              <![CDATA[=============Browser Session Ended========]]>
            </line>
          </reporter-output>
        </test-method> <!-- closeApplication -->
        <test-method is-config="true" signature="flushReport()[pri:0, instance:testcase.Test_URLS@5a63f509]" started-at="2021-03-29T06:00:55Z" name="flushReport" finished-at="2021-03-29T06:00:55Z" duration-ms="315" status="PASS">
          <reporter-output>
          </reporter-output>
        </test-method> <!-- flushReport -->
        <test-method is-config="true" signature="endReport()[pri:0, instance:testcase.Test_URLS@5a63f509]" started-at="2021-03-29T06:00:55Z" name="endReport" finished-at="2021-03-29T06:00:55Z" duration-ms="0" status="PASS">
          <reporter-output>
          </reporter-output>
        </test-method> <!-- endReport -->
      </class> <!-- testcase.Test_URLS -->
    </test> <!-- Command line test -->
  </suite> <!-- testcase.Test_URLS -->
</testng-results>
