<?xml version="1.0" encoding="UTF-8"?>
<!-- Generated by org.testng.reporters.JUnitXMLReporter -->
<testsuite hostname="DESKTOP-CDSH04O" ignored="0" name="URL&#039;s Testcase Automation" tests="1" failures="1" timestamp="29 Mar 2021 06:54:48 GMT" time="217.658" errors="0">
  <testcase name="TestURLs" time="217.149" classname="testcase.Test_URLS">
    <failure type="java.lang.AssertionError" message="The following asserts failed:
	Electronics Menu Verifiaction Failed expected [Electronics Store: Buy Electronics products Online at Best Prices in India at Amazon.in] but found [Amazon.in Hot New Releases: The bestselling new and future releases in Electronics]">
      <![CDATA[java.lang.AssertionError: The following asserts failed:
Electronics Menu Verifiaction Failed expected [Electronics Store: Buy Electronics products Online at Best Prices in India at Amazon.in] but found [Amazon.in Hot New Releases: The bestselling new and future releases in Electronics]
at testcase.Test_URLS.TestURLs(Test_URLS.java:183)
at java.util.concurrent.FutureTask.run(Unknown Source)
at java.util.concurrent.Executors$RunnableAdapter.call(Unknown Source)
at java.util.concurrent.FutureTask.run(Unknown Source)
at java.util.concurrent.ThreadPoolExecutor.runWorker(Unknown Source)
at java.util.concurrent.ThreadPoolExecutor$Worker.run(Unknown Source)
at java.lang.Thread.run(Unknown Source)
... Removed 10 stack frames]]>
    </failure>
  </testcase> <!-- TestURLs -->
</testsuite> <!-- URL's Testcase Automation -->
